App running at 3001
App running at 3001
App running at 3001
App running at 3001
App running at 3001
User connected
id:  w5dYtGjl642qTVubAAAB
App running at 3001
App running at 3001
User connected
id:  o80Bid-ZeJiwzTaxAAAD
User connected
id:  L3zLwMwBy18NQCr5AAAE
User connected
id:  jjB64SDSxs-bFhECAAAF
App running at 3001
App running at 3001
User connected
id:  cxusUIRrYhvK8IYSAAAC
User connected
id:  0-s_0VZ2b5vyv5hHAAAD
App running at 3001
User connected
id:  a0_7bcaugjpgj4gvAAAC
User connected
id:  iL-b2LO7GUTxv31VAAAD
App running at 3001
User connected
id:  3TkrJlNnpBkeCR0OAAAC
User connected
id:  EHuv_wKp_MjahYdlAAAD
App running at 3001
App running at 3001
User connected
id:  C2C-vG2p1iFII_gAAAAC
User connected
id:  5LNM5NxtgzAMzPVZAAAD
App running at 3001
User connected
id:  bLCxJZEFgCKqif7CAAAB
App running at 3001
User connected
id:  Eb-_hNcbvYGPZbupAAAC
User connected
id:  7MoNA4LeQ-rAEm48AAAD
App running at 3001
User connected
id:  8moCn_qINPy56YvTAAAC
User connected
id:  xXDiaXfQz4mzzKFCAAAD
App running at 3001
User connected
id:  ICtB88y6SWR4FD21AAAC
User connected
id:  I2PEGUbLfW9EcML3AAAD
App running at 3001
User connected
id:  -cFKwSv2ecO2Eo-bAAAC
User connected
id:  HN9Bvw60kRJw_VzBAAAD
App running at 3001
User connected
id:  0kywysgkNU4K7A3KAAAC
User connected
id:  vZD4PxgBQ3_R4X-sAAAD
App running at 3001
App running at 3001
SyntaxError: Unexpected token { in JSON at position 210
    at JSON.parse (<anonymous>)
    at parse (C:\Users\Aayush\Documents\Programming Files\PERSONAL_PROJECTS\message_express\server\node_modules\body-parser\lib\types\json.js:92:19)
    at C:\Users\Aayush\Documents\Programming Files\PERSONAL_PROJECTS\message_express\server\node_modules\body-parser\lib\read.js:128:18
    at AsyncResource.runInAsyncScope (node:async_hooks:201:9)
    at invokeCallback (C:\Users\Aayush\Documents\Programming Files\PERSONAL_PROJECTS\message_express\server\node_modules\raw-body\index.js:238:16)
    at done (C:\Users\Aayush\Documents\Programming Files\PERSONAL_PROJECTS\message_express\server\node_modules\raw-body\index.js:227:7)
    at IncomingMessage.onEnd (C:\Users\Aayush\Documents\Programming Files\PERSONAL_PROJECTS\message_express\server\node_modules\raw-body\index.js:287:7)
    at IncomingMessage.emit (node:events:538:35)
    at endReadableNT (node:internal/streams/readable:1345:12)
    at processTicksAndRejections (node:internal/process/task_queues:83:21)
SyntaxError: Unexpected number in JSON at position 210
    at JSON.parse (<anonymous>)
    at parse (C:\Users\Aayush\Documents\Programming Files\PERSONAL_PROJECTS\message_express\server\node_modules\body-parser\lib\types\json.js:92:19)
    at C:\Users\Aayush\Documents\Programming Files\PERSONAL_PROJECTS\message_express\server\node_modules\body-parser\lib\read.js:128:18
    at AsyncResource.runInAsyncScope (node:async_hooks:201:9)
    at invokeCallback (C:\Users\Aayush\Documents\Programming Files\PERSONAL_PROJECTS\message_express\server\node_modules\raw-body\index.js:238:16)
    at done (C:\Users\Aayush\Documents\Programming Files\PERSONAL_PROJECTS\message_express\server\node_modules\raw-body\index.js:227:7)
    at IncomingMessage.onEnd (C:\Users\Aayush\Documents\Programming Files\PERSONAL_PROJECTS\message_express\server\node_modules\raw-body\index.js:287:7)
    at IncomingMessage.emit (node:events:538:35)
    at endReadableNT (node:internal/streams/readable:1345:12)
    at processTicksAndRejections (node:internal/process/task_queues:83:21)
{"timestamp":"2024-06-09T21:15:24.839Z","level":"info","message":"User registered successfully"}
App running at 3001
{"timestamp":"2024-06-09T21:28:19.812Z","level":"warn","message":"Email not verified"}
App running at 3001
{"timestamp":"2024-06-09T21:30:38.159Z","level":"info","message":"User details fetched successfully"}
App running at 3001
{"timestamp":"2024-06-09T21:59:57.066Z","level":"info","message":"User details fetched successfully"}
{"timestamp":"2024-06-09T22:06:18.593Z","level":"info","message":"User details fetched successfully"}
{"timestamp":"2024-06-09T22:13:01.294Z","level":"fatal","message":"Invalid Credentials"}
{"timestamp":"2024-06-09T22:14:32.550Z","level":"info","message":"User registered successfully"}
{"timestamp":"2024-06-09T22:14:44.932Z","level":"info","message":"User details fetched successfully"}
{"timestamp":"2024-06-09T22:15:25.259Z","level":"info","message":"User details fetched successfully"}
User connected
id:  tVdfKaMK7-wQp5qHAAAB
User disconnected tVdfKaMK7-wQp5qHAAAB
{"timestamp":"2024-06-09T22:19:12.534Z","level":"info","message":"User details fetched successfully"}
User connected
id:  4udjFRrLQjtItMcuAAAD
User disconnected 4udjFRrLQjtItMcuAAAD
{"timestamp":"2024-06-09T22:19:22.434Z","level":"info","message":"User details fetched successfully"}
User connected
id:  gimjrwUP-yp4uwH-AAAF
User disconnected gimjrwUP-yp4uwH-AAAF
{"timestamp":"2024-06-09T22:19:53.057Z","level":"info","message":"User details fetched successfully"}
User connected
id:  T2xbvVKr08LGEYXOAAAH
User disconnected T2xbvVKr08LGEYXOAAAH
{"timestamp":"2024-06-09T22:22:17.164Z","level":"info","message":"User details fetched successfully"}
User connected
id:  h8hiMGJIKANyy0fZAAAJ
User disconnected h8hiMGJIKANyy0fZAAAJ
{"timestamp":"2024-06-09T22:22:21.942Z","level":"info","message":"User details fetched successfully"}
User connected
id:  9BX1vZNd_dNhJ08NAAAL
User disconnected 9BX1vZNd_dNhJ08NAAAL
{"timestamp":"2024-06-09T22:23:02.217Z","level":"info","message":"User details fetched successfully"}
User connected
id:  kE4K29QnK9Ocg4K_AAAN
User disconnected kE4K29QnK9Ocg4K_AAAN
{"timestamp":"2024-06-09T22:23:24.484Z","level":"info","message":"User details fetched successfully"}
User connected
id:  bOUl2Wotf9yb5kxJAAAP
User disconnected bOUl2Wotf9yb5kxJAAAP
{"timestamp":"2024-06-09T22:23:47.596Z","level":"fatal","message":"Invalid Credentials"}
{"timestamp":"2024-06-09T22:25:23.587Z","level":"fatal","message":"Invalid Credentials"}
{"timestamp":"2024-06-09T22:26:18.197Z","level":"fatal","message":"Invalid Credentials"}
{"timestamp":"2024-06-09T22:28:43.424Z","level":"fatal","message":"Invalid Credentials"}
{"timestamp":"2024-06-09T22:29:42.808Z","level":"fatal","message":"Invalid Credentials"}
{"timestamp":"2024-06-09T22:29:57.844Z","level":"info","message":"User details fetched successfully"}
User connected
id:  BdeZlBRrdjAK1eFaAAAR
User disconnected BdeZlBRrdjAK1eFaAAAR
{"timestamp":"2024-06-09T22:30:25.153Z","level":"info","message":"User details fetched successfully"}
User connected
id:  FXbd0gOMxHqMC-YrAAAT
User disconnected FXbd0gOMxHqMC-YrAAAT
{"timestamp":"2024-06-09T22:30:30.119Z","level":"fatal","message":"Invalid Credentials"}
{"timestamp":"2024-06-09T22:30:37.076Z","level":"info","message":"User details fetched successfully"}
User connected
id:  t2zer085gR3JXnkWAAAV
User disconnected t2zer085gR3JXnkWAAAV
{"timestamp":"2024-06-09T22:31:01.759Z","level":"info","message":"User details fetched successfully"}
User connected
id:  WJaneSZ2yzZ9-8uRAAAX
User disconnected WJaneSZ2yzZ9-8uRAAAX
User connected
id:  AwH2hL8cPVlELjg2AAAZ
User disconnected AwH2hL8cPVlELjg2AAAZ
User connected
id:  sJPlEu5vvRyJW21lAAAb
User disconnected sJPlEu5vvRyJW21lAAAb
{"timestamp":"2024-06-09T22:39:41.678Z","level":"info","message":"User details fetched successfully"}
User connected
id:  Mm0b74w-FdOOX6ZLAAAd
User disconnected Mm0b74w-FdOOX6ZLAAAd
{"timestamp":"2024-06-09T22:40:06.003Z","level":"info","message":"User details fetched successfully"}
User connected
id:  EsqDvMCWla6KkGG1AAAf
User disconnected EsqDvMCWla6KkGG1AAAf
User connected
id:  fIq4JkxBIPDLM_hfAAAh
User disconnected fIq4JkxBIPDLM_hfAAAh
{"timestamp":"2024-06-09T22:41:09.448Z","level":"info","message":"User details fetched successfully"}
User connected
id:  zqkH0E9RLoYV3HZkAAAj
User disconnected zqkH0E9RLoYV3HZkAAAj
User connected
id:  2lOOr2t_jlQW4StaAAAl
User disconnected 2lOOr2t_jlQW4StaAAAl
User connected
id:  sPI2SITKEMEgsucHAAAn
User disconnected sPI2SITKEMEgsucHAAAn
User connected
id:  d2DCY7-ZK6X-uZSuAAAp
User disconnected d2DCY7-ZK6X-uZSuAAAp
User connected
id:  L4QAQJelCoyJ9XRPAAAr
User disconnected L4QAQJelCoyJ9XRPAAAr
User connected
id:  CrzhUvOsdfdmty6wAAAt
App running at 3001
User connected
id:  NJqxS7T1AEn2Gz-HAAAB
App running at 3001
User connected
id:  RXponFclWoh9He7CAAAB
App running at 3001
User connected
id:  R3WtMQ3hEdIz9KlEAAAB
App running at 3001
User connected
id:  -SGy_WVS31lOqp0yAAAB
App running at 3001
User connected
id:  yqIsyhiuZRrUI0GBAAAB
App running at 3001
User connected
id:  J6lIqrpU1CcKxWKSAAAB
User disconnected J6lIqrpU1CcKxWKSAAAB
User connected
id:  hxH334eGxqK2r1a0AAAD
App running at 3001
{"timestamp":"2024-06-11T12:21:00.737Z","level":"info","message":"User details fetched successfully"}
User connected
id:  F5ca18wmRx3Gy6TeAAAB
User disconnected F5ca18wmRx3Gy6TeAAAB
User connected
id:  LHUOeci13ox1g-hPAAAD
User disconnected LHUOeci13ox1g-hPAAAD
User connected
id:  ayMDVHkMaKIKg9HxAAAF
User disconnected ayMDVHkMaKIKg9HxAAAF
User connected
id:  F_w4P2BaQ39keUkxAAAH
User disconnected F_w4P2BaQ39keUkxAAAH
{"timestamp":"2024-06-11T12:46:56.030Z","level":"info","message":"User details fetched successfully"}
User connected
id:  EW_L-9if9nHNf5nxAAAJ
User disconnected EW_L-9if9nHNf5nxAAAJ
User connected
id:  iiFsEkG7ti5gr_KzAAAL
{"timestamp":"2024-06-11T12:53:32.155Z","level":"error","message":"Not Authenticated"}
User disconnected iiFsEkG7ti5gr_KzAAAL
User connected
id:  ZMR2OjOq2Tgzo0SMAAAN
{"timestamp":"2024-06-11T12:53:37.107Z","level":"error","message":"Not Authenticated"}
User disconnected ZMR2OjOq2Tgzo0SMAAAN
User connected
id:  x4DtYY4TDw0TXsNtAAAP
{"timestamp":"2024-06-11T12:54:08.762Z","level":"error","message":"Not Authenticated"}
{"timestamp":"2024-06-11T13:00:52.323Z","level":"fatal","message":"Email not required"}
{"timestamp":"2024-06-11T13:01:14.826Z","level":"warn","message":"Email not verified"}
App running at 3001
User connected
id:  n9Pm01yyvCughgl-AAAB
{"timestamp":"2024-06-11T13:02:37.247Z","level":"error","message":"Not Authenticated"}
{"timestamp":"2024-06-11T13:02:42.250Z","level":"info","message":"User updated successfully"}
{"timestamp":"2024-06-11T13:04:38.653Z","level":"info","message":"User updated successfully"}
{"timestamp":"2024-06-11T13:04:42.803Z","level":"info","message":"User updated successfully"}
{"timestamp":"2024-06-11T13:04:49.751Z","level":"error","message":"Not Authenticated"}
{"timestamp":"2024-06-11T13:04:54.356Z","level":"info","message":"User updated successfully"}
User disconnected n9Pm01yyvCughgl-AAAB
User connected
id:  jcI_xzbZIINSKa3CAAAD
{"timestamp":"2024-06-11T13:07:18.733Z","level":"error","message":"Not Authenticated"}
User disconnected jcI_xzbZIINSKa3CAAAD
User connected
id:  ycIUn9Z1PLCry7J1AAAF
{"timestamp":"2024-06-11T13:09:16.175Z","level":"error","message":"Not Authenticated"}
User disconnected ycIUn9Z1PLCry7J1AAAF
User connected
id:  e5Pd5y7TvtXFWNRoAAAH
{"timestamp":"2024-06-11T13:09:26.718Z","level":"error","message":"Not Authenticated"}
User disconnected e5Pd5y7TvtXFWNRoAAAH
User connected
id:  ueca7-MaPS2An2qUAAAJ
{"timestamp":"2024-06-11T13:09:54.946Z","level":"error","message":"Not Authenticated"}
User disconnected ueca7-MaPS2An2qUAAAJ
User connected
id:  I2jRBdBaSxr6yP8XAAAL
{"timestamp":"2024-06-11T13:13:22.214Z","level":"fatal","message":"Email not required"}
User disconnected I2jRBdBaSxr6yP8XAAAL
User connected
id:  tb7h3weduMEJECeZAAAN
{"timestamp":"2024-06-11T13:13:56.146Z","level":"error","message":"Not Authenticated"}
User disconnected tb7h3weduMEJECeZAAAN
User connected
id:  UJ2UJMiD3ClcIvHOAAAP
{"timestamp":"2024-06-11T13:14:08.192Z","level":"error","message":"Not Authenticated"}
User disconnected UJ2UJMiD3ClcIvHOAAAP
User connected
id:  rQmUHDkqT16Q_Q3YAAAR
{"timestamp":"2024-06-11T13:14:16.468Z","level":"error","message":"Not Authenticated"}
User disconnected rQmUHDkqT16Q_Q3YAAAR
User connected
id:  GFLq_SCOFdwX3aMsAAAT
{"timestamp":"2024-06-11T13:14:32.138Z","level":"error","message":"Not Authenticated"}
User disconnected GFLq_SCOFdwX3aMsAAAT
User connected
id:  Nkqbbp5MlPM9bQOuAAAV
{"timestamp":"2024-06-11T13:15:25.387Z","level":"error","message":"Not Authenticated"}
User disconnected Nkqbbp5MlPM9bQOuAAAV
User connected
id:  t7z8BE3hoIVlrFsFAAAX
{"timestamp":"2024-06-11T13:16:58.595Z","level":"error","message":"Not Authenticated"}
User disconnected t7z8BE3hoIVlrFsFAAAX
User connected
id:  O2aAwn4To8yePu7HAAAZ
User disconnected O2aAwn4To8yePu7HAAAZ
User connected
id:  vgoZIEQAGHL7j_LrAAAb
App running at 3001
{"timestamp":"2024-06-11T14:13:21.097Z","level":"info","message":"User details fetched successfully"}
User connected
id:  TyHaTu13rwtl3m7lAAAB
{"timestamp":"2024-06-11T14:13:21.383Z","level":"fatal","message":"Email not required"}
User disconnected TyHaTu13rwtl3m7lAAAB
{"timestamp":"2024-06-11T14:14:01.327Z","level":"fatal","message":"Email not required"}
{"timestamp":"2024-06-11T14:15:29.611Z","level":"info","message":"User details fetched successfully"}
User connected
id:  vECouVYu7N2Lw9eYAAAD
{"timestamp":"2024-06-11T14:15:29.718Z","level":"fatal","message":"Auto generated fields must not be manipulated"}
User disconnected vECouVYu7N2Lw9eYAAAD
{"timestamp":"2024-06-11T14:16:47.048Z","level":"info","message":"User details fetched successfully"}
User connected
id:  bQczhPT6A2UM4QZ-AAAF
{"timestamp":"2024-06-11T14:16:47.282Z","level":"fatal","message":"Auto generated fields must not be manipulated"}
User disconnected bQczhPT6A2UM4QZ-AAAF
{"timestamp":"2024-06-11T14:18:02.388Z","level":"info","message":"User details fetched successfully"}
User connected
id:  azw7mZQahsb_o8YbAAAH
{"timestamp":"2024-06-11T14:18:02.609Z","level":"fatal","message":"Auto generated fields must not be manipulated"}
User disconnected azw7mZQahsb_o8YbAAAH
{"timestamp":"2024-06-11T14:19:14.536Z","level":"info","message":"User details fetched successfully"}
User connected
id:  GYhGESoMSfwFBTzmAAAJ
{"timestamp":"2024-06-11T14:19:15.083Z","level":"info","message":"User updated successfully"}
User disconnected GYhGESoMSfwFBTzmAAAJ
User connected
id:  mEy6ScZUfjkHXy4vAAAL
App running at 3001
User connected
id:  KR8OblRmp56FzuBsAAAB
User disconnected KR8OblRmp56FzuBsAAAB
User connected
id:  S3VcwbqvoitI9lqQAAAD
User disconnected S3VcwbqvoitI9lqQAAAD
{"timestamp":"2024-06-11T14:22:24.696Z","level":"info","message":"User details fetched successfully"}
User connected
id:  c7EH7A5-sOWZYi8RAAAF
{"timestamp":"2024-06-11T14:22:24.937Z","level":"info","message":"User updated successfully"}
App running at 3001
User connected
id:  MWzl_x5TVTS82qehAAAB
User disconnected MWzl_x5TVTS82qehAAAB
User connected
id:  K9y7wVhiVIHC7YshAAAD
User disconnected K9y7wVhiVIHC7YshAAAD
{"timestamp":"2024-06-11T14:23:28.873Z","level":"info","message":"User details fetched successfully"}
User connected
id:  G9_3qsdkaryDo4VkAAAF
{"timestamp":"2024-06-11T14:23:29.119Z","level":"info","message":"User updated successfully"}
User disconnected G9_3qsdkaryDo4VkAAAF
User connected
id:  Tr4LYAkVebRNclZcAAAH
{"timestamp":"2024-06-11T14:23:45.348Z","level":"info","message":"User updated successfully"}
User disconnected Tr4LYAkVebRNclZcAAAH
User connected
id:  4HDI5hpEOiE_ALiiAAAJ
{"timestamp":"2024-06-11T14:23:50.692Z","level":"fatal","message":"Invalid Credentials"}
User disconnected 4HDI5hpEOiE_ALiiAAAJ
App running at 3001
{"timestamp":"2024-06-11T14:25:17.545Z","level":"fatal","message":"Invalid Credentials"}
App running at 3001
App running at 3001
{"timestamp":"2024-06-11T16:12:25.167Z","level":"info","message":"User registered successfully"}
{"timestamp":"2024-06-11T16:12:49.797Z","level":"info","message":"User details fetched successfully"}
User connected
id:  mbld77za0CmDnNtIAAAB
{"timestamp":"2024-06-11T16:12:50.044Z","level":"info","message":"User updated successfully"}
User disconnected mbld77za0CmDnNtIAAAB
User connected
id:  ZmwCoRx5Gk4sBLzTAAAD
{"timestamp":"2024-06-11T16:13:19.081Z","level":"info","message":"User updated successfully"}
User disconnected ZmwCoRx5Gk4sBLzTAAAD
User connected
id:  Zibi9xrJ2ZGA6weqAAAF
{"timestamp":"2024-06-11T16:13:28.811Z","level":"info","message":"User updated successfully"}
User disconnected Zibi9xrJ2ZGA6weqAAAF
User connected
id:  6ArhRxMQPcUhvy2jAAAH
{"timestamp":"2024-06-11T16:13:38.214Z","level":"info","message":"User updated successfully"}
User disconnected 6ArhRxMQPcUhvy2jAAAH
User connected
id:  swJ6zyA0xke5_L-6AAAJ
{"timestamp":"2024-06-11T16:13:48.457Z","level":"info","message":"User updated successfully"}
User disconnected swJ6zyA0xke5_L-6AAAJ
User connected
id:  gx0cIrSKp-n8_dtkAAAL
{"timestamp":"2024-06-11T16:16:31.247Z","level":"info","message":"User updated successfully"}
User disconnected gx0cIrSKp-n8_dtkAAAL
User connected
id:  w_RC_BQPcfYVh0FeAAAN
{"timestamp":"2024-06-11T16:16:53.045Z","level":"info","message":"User updated successfully"}
User disconnected w_RC_BQPcfYVh0FeAAAN
User connected
id:  It6FM7sX1WcktqbRAAAP
{"timestamp":"2024-06-11T16:21:17.923Z","level":"info","message":"User updated successfully"}
App running at 3001
User connected
id:  j0msssd_k9__wNpiAAAB
{"timestamp":"2024-06-11T16:21:47.387Z","level":"info","message":"User updated successfully"}
User disconnected j0msssd_k9__wNpiAAAB
User connected
id:  42GhsgNka5nslA57AAAD
{"timestamp":"2024-06-11T16:22:01.902Z","level":"info","message":"User updated successfully"}
User disconnected 42GhsgNka5nslA57AAAD
User connected
id:  kUnXJJ4aa4qTXs_MAAAF
{"timestamp":"2024-06-11T16:22:07.352Z","level":"info","message":"User updated successfully"}
User disconnected kUnXJJ4aa4qTXs_MAAAF
User connected
id:  t7yOacnq0mXFqNyeAAAH
{"timestamp":"2024-06-11T16:33:16.966Z","level":"info","message":"User updated successfully"}
User disconnected t7yOacnq0mXFqNyeAAAH
User connected
id:  Le0hDpOIYoDrUP3UAAAJ
{"timestamp":"2024-06-11T16:44:02.918Z","level":"info","message":"User updated successfully"}
User disconnected Le0hDpOIYoDrUP3UAAAJ
User connected
id:  ZTnfSIVtVig7n-5qAAAL
{"timestamp":"2024-06-11T17:13:23.773Z","level":"info","message":"User updated successfully"}
User disconnected ZTnfSIVtVig7n-5qAAAL
User connected
id:  6j5q04CNdC-FsQDNAAAN
{"timestamp":"2024-06-11T17:25:37.678Z","level":"info","message":"User updated successfully"}
User connected
id:  PMhKHYo4Tun9B8lxAAAP
{"timestamp":"2024-06-11T17:31:06.801Z","level":"info","message":"User updated successfully"}
User connected
id:  Q7ZPOD518gU11ldCAAAU
User connected
id:  f7SQiLxwSrzevkh8AAAV
User connected
id:  Hx2ROUSzhTKB-WVDAAAW
User connected
id:  OqA4Fa9eWN_38HYTAAAX
User disconnected 6j5q04CNdC-FsQDNAAAN
User disconnected Hx2ROUSzhTKB-WVDAAAW
User disconnected f7SQiLxwSrzevkh8AAAV
User disconnected Q7ZPOD518gU11ldCAAAU
User disconnected OqA4Fa9eWN_38HYTAAAX
User disconnected PMhKHYo4Tun9B8lxAAAP
{"timestamp":"2024-06-11T17:33:25.536Z","level":"info","message":"User details fetched successfully"}
User connected
id:  jcPoZHn2ti4NdoeLAAAc
User connected
id:  6dnmJuMZnvsJ4EKkAAAd
User connected
id:  HCuZc7f58hBjCg8wAAAe
User connected
id:  x-agZnYi-CK1B7zqAAAf
User connected
id:  9aGIEF3F9PHWLlTNAAAk
User connected
id:  q5tgzhm5HWTxwBCUAAAl
User connected
id:  TPbcMA7a8HFrGfezAAAm
User connected
id:  7IZlz_S9HkKU-9AfAAAn
User connected
id:  OOMeoDNTvzRMH2LsAAAs
User connected
id:  FVXjAQi9Ng_XAJcgAAAt
User connected
id:  WZDnH-WlYWrfWYLLAAAu
User connected
id:  DcAyiopJM_1_Cfz6AAAv
User disconnected OOMeoDNTvzRMH2LsAAAs
User disconnected jcPoZHn2ti4NdoeLAAAc
User disconnected q5tgzhm5HWTxwBCUAAAl
User disconnected 9aGIEF3F9PHWLlTNAAAk
User disconnected DcAyiopJM_1_Cfz6AAAv
User disconnected x-agZnYi-CK1B7zqAAAf
User disconnected 7IZlz_S9HkKU-9AfAAAn
User disconnected TPbcMA7a8HFrGfezAAAm
User disconnected HCuZc7f58hBjCg8wAAAe
User disconnected WZDnH-WlYWrfWYLLAAAu
User disconnected FVXjAQi9Ng_XAJcgAAAt
User disconnected 6dnmJuMZnvsJ4EKkAAAd
User connected
id:  44Kzt2P38DEV7wYvAAA0
User connected
id:  _q_TxWZdzr_P7f1QAAA1
User connected
id:  89IOyR1OFLt0xPoZAAA2
User connected
id:  LJa7noi2z26kAeL1AAA3
User connected
id:  sV8gzxIogVyYazn5AAA5
{"timestamp":"2024-06-11T17:38:38.954Z","level":"info","message":"User updated successfully"}
User connected
id:  BXzL_MS_75ELvUkBAAA7
{"timestamp":"2024-06-11T17:42:15.514Z","level":"info","message":"User updated successfully"}
User connected
id:  7lnyJs2IxZEMH5rhAAA9
{"timestamp":"2024-06-11T17:42:41.110Z","level":"info","message":"User updated successfully"}
User connected
id:  -xpoHsLEPvkTG_gIAAA_
{"timestamp":"2024-06-11T17:43:17.138Z","level":"info","message":"User updated successfully"}
User connected
id:  r2o0GV9nwD9ECGs-AABB
{"timestamp":"2024-06-11T17:43:28.298Z","level":"info","message":"User updated successfully"}
App running at 3001
{"timestamp":"2024-06-12T11:57:47.357Z","level":"info","message":"User details fetched successfully"}
User connected
id:  6mD1xMvBmQNlSa_5AAAB
{"timestamp":"2024-06-12T11:57:48.328Z","level":"info","message":"User updated successfully"}
User connected
id:  bELRikCrzQS38tYBAAAD
{"timestamp":"2024-06-12T12:04:21.092Z","level":"info","message":"User updated successfully"}
App running at 3001
User connected
id:  1EfU3Dh_sW5FDK3-AAAC
User connected
id:  XAKSi9_vhH2zHxXTAAAD
{"timestamp":"2024-06-12T13:25:42.936Z","level":"info","message":"User updated successfully"}
{"timestamp":"2024-06-12T13:25:42.939Z","level":"info","message":"User updated successfully"}
{"timestamp":"2024-06-12T13:25:42.941Z","level":"info","message":"User updated successfully"}
{"timestamp":"2024-06-12T13:25:42.943Z","level":"info","message":"User updated successfully"}
{"timestamp":"2024-06-12T13:25:42.944Z","level":"info","message":"User updated successfully"}
{"timestamp":"2024-06-12T13:25:42.946Z","level":"info","message":"User updated successfully"}
{"timestamp":"2024-06-12T13:25:42.983Z","level":"info","message":"User updated successfully"}
App running at 3001
{"timestamp":"2024-06-12T13:27:23.541Z","level":"info","message":"User details fetched successfully"}
User connected
id:  BXN3BWs-3TurEUM0AAAB
{"timestamp":"2024-06-12T13:27:23.761Z","level":"info","message":"User updated successfully"}
App running at 3001
User connected
id:  zv5O_u7sfq74PiTNAAAG
User connected
id:  DQulsvZvfoIZkiFqAAAH
User connected
id:  LGnN8CvJrfDuJKtlAAAI
User connected
id:  -M1pbkOkSJr1XJQcAAAJ
User connected
id:  aq-WKIaq4nyGUqiZAAAK
User connected
id:  MO602VChINA9HP5OAAAL
{"timestamp":"2024-06-12T14:43:09.095Z","level":"info","message":"User updated successfully"}
{"timestamp":"2024-06-12T14:43:09.098Z","level":"info","message":"User updated successfully"}
{"timestamp":"2024-06-12T14:43:09.099Z","level":"info","message":"User updated successfully"}
{"timestamp":"2024-06-12T14:43:09.101Z","level":"info","message":"User updated successfully"}
{"timestamp":"2024-06-12T14:43:09.102Z","level":"info","message":"User updated successfully"}
{"timestamp":"2024-06-12T14:43:09.104Z","level":"info","message":"User updated successfully"}
{"timestamp":"2024-06-12T14:43:09.270Z","level":"info","message":"User updated successfully"}
{"timestamp":"2024-06-12T14:43:09.272Z","level":"info","message":"User updated successfully"}
{"timestamp":"2024-06-12T14:43:09.273Z","level":"info","message":"User updated successfully"}
User connected
id:  ABt5H6xTyNmCIRFkAAAN
{"timestamp":"2024-06-12T14:47:44.830Z","level":"info","message":"User updated successfully"}
App running at 3001
User connected
id:  YKcdNJh8NRhKfuZyAAAD
User connected
id:  wEHVBwfHEnT2cyBDAAAE
User connected
id:  JIAhHXaomlNGvvGDAAAF
{"timestamp":"2024-06-12T15:20:42.368Z","level":"info","message":"User updated successfully"}
{"timestamp":"2024-06-12T15:20:42.372Z","level":"info","message":"User updated successfully"}
{"timestamp":"2024-06-12T15:20:42.375Z","level":"info","message":"User updated successfully"}
User connected
id:  OILsUmTAq11aw5dMAAAK
User connected
id:  4MaDJhJitxzWzZbtAAAL
User connected
id:  4ZOzdO5EtSvAWWTpAAAM
User connected
id:  0uO_zB0_GbvxkXwzAAAN
{"timestamp":"2024-06-12T15:20:42.630Z","level":"info","message":"User updated successfully"}
{"timestamp":"2024-06-12T15:20:42.654Z","level":"info","message":"User updated successfully"}
{"timestamp":"2024-06-12T15:20:42.655Z","level":"info","message":"User updated successfully"}
{"timestamp":"2024-06-12T15:20:42.656Z","level":"info","message":"User updated successfully"}
{"timestamp":"2024-06-12T15:20:42.658Z","level":"info","message":"User updated successfully"}
{"timestamp":"2024-06-12T15:20:42.712Z","level":"info","message":"User updated successfully"}
{"timestamp":"2024-06-12T15:20:42.811Z","level":"info","message":"User updated successfully"}
{"timestamp":"2024-06-12T15:20:42.814Z","level":"info","message":"User updated successfully"}
{"timestamp":"2024-06-12T15:20:42.870Z","level":"info","message":"User updated successfully"}
{"timestamp":"2024-06-12T15:20:42.870Z","level":"info","message":"User updated successfully"}
{"timestamp":"2024-06-12T15:20:42.873Z","level":"info","message":"User updated successfully"}
{"timestamp":"2024-06-12T15:20:42.921Z","level":"info","message":"User updated successfully"}
{"timestamp":"2024-06-12T15:20:43.012Z","level":"info","message":"User updated successfully"}
{"timestamp":"2024-06-12T15:20:43.070Z","level":"info","message":"User updated successfully"}
{"timestamp":"2024-06-12T15:20:43.102Z","level":"info","message":"User updated successfully"}
{"timestamp":"2024-06-12T15:20:43.103Z","level":"info","message":"User updated successfully"}
{"timestamp":"2024-06-12T15:20:43.105Z","level":"info","message":"User updated successfully"}
User connected
id:  B978FcI3fV_3KhmhAAAP
{"timestamp":"2024-06-12T15:24:52.422Z","level":"info","message":"User updated successfully"}
App running at 3001
User connected
id:  kr_d2TZEA1oQhkdJAAAF
User connected
id:  C1B-My-C_bKV54tqAAAG
User connected
id:  IEn8ca6lMjVCG_R4AAAH
User connected
id:  jOHGjzjxAEuLRJJ2AAAI
User connected
id:  BnsuyGi2CWBto_XCAAAJ
{"timestamp":"2024-06-12T15:30:37.833Z","level":"info","message":"User updated successfully"}
{"timestamp":"2024-06-12T15:30:37.839Z","level":"info","message":"User updated successfully"}
{"timestamp":"2024-06-12T15:30:37.841Z","level":"info","message":"User updated successfully"}
{"timestamp":"2024-06-12T15:30:37.842Z","level":"info","message":"User updated successfully"}
{"timestamp":"2024-06-12T15:30:37.844Z","level":"info","message":"User updated successfully"}
{"timestamp":"2024-06-12T15:30:37.849Z","level":"info","message":"User updated successfully"}
{"timestamp":"2024-06-12T15:30:37.963Z","level":"info","message":"User updated successfully"}
{"timestamp":"2024-06-12T15:30:37.967Z","level":"info","message":"User updated successfully"}
{"timestamp":"2024-06-12T15:30:37.970Z","level":"info","message":"User updated successfully"}
{"timestamp":"2024-06-12T15:30:37.972Z","level":"info","message":"User updated successfully"}
User connected
id:  gHiaXynrMSMouk_YAAAN
User connected
id:  6sdIj1r3Z1BBN5AhAAAO
User connected
id:  n0jDlNMcfpVqAeIbAAAP
{"timestamp":"2024-06-12T15:30:38.637Z","level":"info","message":"User updated successfully"}
{"timestamp":"2024-06-12T15:30:38.638Z","level":"info","message":"User updated successfully"}
{"timestamp":"2024-06-12T15:30:38.639Z","level":"info","message":"User updated successfully"}
{"timestamp":"2024-06-12T15:30:38.642Z","level":"info","message":"User updated successfully"}
{"timestamp":"2024-06-12T15:30:38.644Z","level":"info","message":"User updated successfully"}
{"timestamp":"2024-06-12T15:30:38.773Z","level":"info","message":"User updated successfully"}
{"timestamp":"2024-06-12T15:30:38.786Z","level":"info","message":"User updated successfully"}
{"timestamp":"2024-06-12T15:30:38.813Z","level":"info","message":"User updated successfully"}
{"timestamp":"2024-06-12T15:30:38.815Z","level":"info","message":"User updated successfully"}
{"timestamp":"2024-06-12T15:30:38.817Z","level":"info","message":"User updated successfully"}
{"timestamp":"2024-06-12T15:30:38.819Z","level":"info","message":"User updated successfully"}
{"timestamp":"2024-06-12T15:30:38.914Z","level":"info","message":"User updated successfully"}
{"timestamp":"2024-06-12T15:30:38.970Z","level":"info","message":"User updated successfully"}
{"timestamp":"2024-06-12T15:30:38.971Z","level":"info","message":"User updated successfully"}
{"timestamp":"2024-06-12T15:30:38.972Z","level":"info","message":"User updated successfully"}
{"timestamp":"2024-06-12T15:30:38.975Z","level":"info","message":"User updated successfully"}
{"timestamp":"2024-06-12T15:30:39.008Z","level":"info","message":"User updated successfully"}
{"timestamp":"2024-06-12T15:30:39.010Z","level":"info","message":"User updated successfully"}
{"timestamp":"2024-06-12T15:30:39.040Z","level":"info","message":"User updated successfully"}
App running at 3001
User connected
id:  coHcxTrpNnR3rQ-rAAAI
User connected
id:  WuOLo8KBSIfe06s3AAAJ
User connected
id:  LVXLROD1Ozwrv8CDAAAK
User connected
id:  W_EPnaNNBaTr49-yAAAL
User connected
id:  IiQNJ2xTPCwRpb8lAAAM
User connected
id:  4EebrBB8UhCvRVeDAAAN
User connected
id:  Pz4FSACT0C8ooYvWAAAO
User connected
id:  tqjSRQpNMM7kIGMzAAAP
{"timestamp":"2024-06-12T15:31:10.299Z","level":"info","message":"User updated successfully"}
{"timestamp":"2024-06-12T15:31:10.302Z","level":"info","message":"User updated successfully"}
{"timestamp":"2024-06-12T15:31:10.306Z","level":"info","message":"User updated successfully"}
{"timestamp":"2024-06-12T15:31:10.307Z","level":"info","message":"User updated successfully"}
{"timestamp":"2024-06-12T15:31:10.311Z","level":"info","message":"User updated successfully"}
{"timestamp":"2024-06-12T15:31:10.406Z","level":"info","message":"User updated successfully"}
{"timestamp":"2024-06-12T15:31:10.477Z","level":"info","message":"User updated successfully"}
{"timestamp":"2024-06-12T15:31:10.478Z","level":"info","message":"User updated successfully"}
{"timestamp":"2024-06-12T15:31:10.480Z","level":"info","message":"User updated successfully"}
{"timestamp":"2024-06-12T15:31:10.481Z","level":"info","message":"User updated successfully"}
{"timestamp":"2024-06-12T15:31:10.483Z","level":"info","message":"User updated successfully"}
{"timestamp":"2024-06-12T15:31:10.611Z","level":"info","message":"User updated successfully"}
{"timestamp":"2024-06-12T15:31:10.644Z","level":"info","message":"User updated successfully"}
{"timestamp":"2024-06-12T15:31:10.645Z","level":"info","message":"User updated successfully"}
{"timestamp":"2024-06-12T15:31:10.647Z","level":"info","message":"User updated successfully"}
{"timestamp":"2024-06-12T15:31:10.648Z","level":"info","message":"User updated successfully"}
{"timestamp":"2024-06-12T15:31:10.651Z","level":"info","message":"User updated successfully"}
{"timestamp":"2024-06-12T15:31:10.761Z","level":"info","message":"User updated successfully"}
{"timestamp":"2024-06-12T15:31:10.795Z","level":"info","message":"User updated successfully"}
{"timestamp":"2024-06-12T15:31:10.797Z","level":"info","message":"User updated successfully"}
{"timestamp":"2024-06-12T15:31:10.798Z","level":"info","message":"User updated successfully"}
{"timestamp":"2024-06-12T15:31:10.799Z","level":"info","message":"User updated successfully"}
{"timestamp":"2024-06-12T15:31:10.801Z","level":"info","message":"User updated successfully"}
{"timestamp":"2024-06-12T15:31:10.913Z","level":"info","message":"User updated successfully"}
{"timestamp":"2024-06-12T15:31:10.947Z","level":"info","message":"User updated successfully"}
{"timestamp":"2024-06-12T15:31:10.973Z","level":"info","message":"User updated successfully"}
{"timestamp":"2024-06-12T15:31:10.973Z","level":"info","message":"User updated successfully"}
{"timestamp":"2024-06-12T15:31:10.974Z","level":"info","message":"User updated successfully"}
{"timestamp":"2024-06-12T15:31:11.025Z","level":"info","message":"User updated successfully"}
{"timestamp":"2024-06-12T15:31:11.026Z","level":"info","message":"User updated successfully"}
{"timestamp":"2024-06-12T15:31:11.077Z","level":"info","message":"User updated successfully"}
{"timestamp":"2024-06-12T15:31:11.081Z","level":"info","message":"User updated successfully"}
{"timestamp":"2024-06-12T15:31:11.106Z","level":"info","message":"User updated successfully"}
{"timestamp":"2024-06-12T15:31:11.107Z","level":"info","message":"User updated successfully"}
{"timestamp":"2024-06-12T15:31:11.195Z","level":"info","message":"User updated successfully"}
{"timestamp":"2024-06-12T15:31:11.203Z","level":"info","message":"User updated successfully"}
{"timestamp":"2024-06-12T15:31:11.282Z","level":"info","message":"User updated successfully"}
{"timestamp":"2024-06-12T15:31:11.283Z","level":"info","message":"User updated successfully"}
{"timestamp":"2024-06-12T15:31:11.292Z","level":"info","message":"User updated successfully"}
{"timestamp":"2024-06-12T15:31:11.293Z","level":"info","message":"User updated successfully"}
{"timestamp":"2024-06-12T15:31:11.295Z","level":"info","message":"User updated successfully"}
SyntaxError: Unexpected token e in JSON at position 170
    at JSON.parse (<anonymous>)
    at parse (C:\Users\Aayush\Documents\Programming Files\PERSONAL_PROJECTS\message_express\server\node_modules\body-parser\lib\types\json.js:92:19)
    at C:\Users\Aayush\Documents\Programming Files\PERSONAL_PROJECTS\message_express\server\node_modules\body-parser\lib\read.js:128:18
    at AsyncResource.runInAsyncScope (node:async_hooks:201:9)
    at invokeCallback (C:\Users\Aayush\Documents\Programming Files\PERSONAL_PROJECTS\message_express\server\node_modules\raw-body\index.js:238:16)
    at done (C:\Users\Aayush\Documents\Programming Files\PERSONAL_PROJECTS\message_express\server\node_modules\raw-body\index.js:227:7)
    at IncomingMessage.onEnd (C:\Users\Aayush\Documents\Programming Files\PERSONAL_PROJECTS\message_express\server\node_modules\raw-body\index.js:287:7)
    at IncomingMessage.emit (node:events:538:35)
    at endReadableNT (node:internal/streams/readable:1345:12)
    at processTicksAndRejections (node:internal/process/task_queues:83:21)
App running at 3001
User connected
id:  rkQ37pePGQ_lX2OLAAAB
App running at 3001
App running at 3001
User connected
id:  S5oizQt758uNqu_gAAAI
User connected
id:  HOddW1zvqTt9u7rcAAAJ
User connected
App running at 3001
User connected
id:  nK2GJOX61W_JuW00AAAD
User connected
id:  z21VkOvpV7697A8VAAAE
User connected
id:  rcQTTbgksAkk07WvAAAF
User connected
id:  lARzYkpsYUpsk24AAAAI
User connected
id:  k7V_Pf4DOykeVdVlAAAJ
User connected
id:  cW97HC0Rx1FPfPi1AAAL
User connected
id:  CXQSZHl1y_puY2bAAAAO
User connected
id:  v1WsziiIzgrupD6rAAAP
App running at 3001
User connected
id:  2eRSG0xpESMKK6w_AAAD
User connected
id:  AW_UtsOLMB1ETqNoAAAE
User connected
id:  hJpbXKpcoWMUNukHAAAF
User connected
id:  VNn8LMCjV7zktVEdAAAL
User connected
id:  QzEMPDhRh3fha30VAAAM
User connected
id:  wMAwHbO7nD1bbdszAAAN
User connected
id:  WNewe2R3dFucuq5DAAAO
User connected
id:  zd320n7xAR8PvNjUAAAP
{"timestamp":"2024-06-12T15:57:00.440Z","level":"info","message":"User registered successfully"}
App running at 3001
User connected
id:  -_mNGLqV6iZJs_HDAAAB
User connected
id:  qjyU-6fYoXz4j5ByAAAJ
User connected
id:  ncjhSFHlD-6W2L_ZAAAK
User connected
id:  01V0stkh7AMZTQoeAAAL
User connected
id:  3DEmeQVCg8VIczlJAAAM
User connected
id:  PBL1p5jvyNr7R257AAAN
User connected
id:  O3uKzgkQ0VFIzO5rAAAO
User connected
id:  PMCjboGqQ6zn-Fj6AAAP
App running at 3001
User connected
id:  NK1gXEGYH1ZmQFXfAAAI
User connected
id:  DQha0E2om7kOYCtbAAAJ
User connected
id:  OHRWkDW-AGNLcOIiAAAK
User connected
id:  8GJWdQJX-HQ1ZldaAAAL
User connected
id:  wkUy9fABMUL4mcIIAAAM
User connected
id:  tyToLB_HQB_0V1Q_AAAN
User connected
id:  pCAv4mu3yDcI0VgXAAAO
User connected
id:  suWX1JZyh_MP1h_PAAAP
App running at 3001
{"timestamp":"2024-06-13T13:08:34.798Z","level":"info","message":"User details fetched successfully"}
User connected
id:  MLFn-YMPQQH9670iAAAB
{"timestamp":"2024-06-13T13:08:35.869Z","level":"info","message":"User updated successfully"}
{"timestamp":"2024-06-13T13:12:09.025Z","level":"info","message":"User registered successfully"}
{"timestamp":"2024-06-13T13:12:27.671Z","level":"info","message":"User details fetched successfully"}
User connected
id:  6-v9HXBsZ0PA8nt5AAAD
{"timestamp":"2024-06-13T13:12:27.750Z","level":"info","message":"User updated successfully"}
{"timestamp":"2024-06-13T13:14:48.528Z","level":"info","message":"User updated successfully"}
User disconnected 6-v9HXBsZ0PA8nt5AAAD
User connected
id:  7lUrPBy2jJiHQg50AAAF
{"timestamp":"2024-06-13T13:14:56.616Z","level":"info","message":"User updated successfully"}
User disconnected MLFn-YMPQQH9670iAAAB
User connected
id:  CK-kJm301N7T4FNBAAAH
{"timestamp":"2024-06-13T13:15:18.275Z","level":"info","message":"User updated successfully"}
{"timestamp":"2024-06-13T13:15:40.836Z","level":"info","message":"User details fetched successfully"}
{"timestamp":"2024-06-13T13:17:58.940Z","level":"info","message":"User details fetched successfully"}
{"timestamp":"2024-06-13T13:18:20.536Z","level":"info","message":"User updated successfully"}
{"timestamp":"2024-06-13T13:18:26.440Z","level":"info","message":"User updated successfully"}
{"timestamp":"2024-06-13T13:18:39.334Z","level":"info","message":"User details fetched successfully"}
{"timestamp":"2024-06-13T13:18:43.198Z","level":"info","message":"User details fetched successfully"}
{"timestamp":"2024-06-13T13:18:49.278Z","level":"info","message":"User details fetched successfully"}
{"timestamp":"2024-06-13T13:18:50.884Z","level":"info","message":"User details fetched successfully"}
User disconnected CK-kJm301N7T4FNBAAAH
User connected
id:  Zmrs08cV8-G02lhTAAAJ
{"timestamp":"2024-06-13T13:18:58.185Z","level":"info","message":"User updated successfully"}
User disconnected 7lUrPBy2jJiHQg50AAAF
User connected
id:  bhAAmqwXg2uU6gJqAAAL
{"timestamp":"2024-06-13T13:19:06.390Z","level":"info","message":"User updated successfully"}
User disconnected bhAAmqwXg2uU6gJqAAAL
User connected
id:  lovWHBuYwxTlbt0NAAAN
{"timestamp":"2024-06-13T13:19:16.442Z","level":"info","message":"User updated successfully"}
{"timestamp":"2024-06-13T13:19:27.040Z","level":"info","message":"User details fetched successfully"}
User disconnected Zmrs08cV8-G02lhTAAAJ
User connected
id:  cBNII6xfyrSKR7VWAAAP
{"timestamp":"2024-06-13T13:19:41.452Z","level":"info","message":"User updated successfully"}
User disconnected cBNII6xfyrSKR7VWAAAP
User disconnected lovWHBuYwxTlbt0NAAAN
{"timestamp":"2024-06-13T13:22:26.577Z","level":"info","message":"User details fetched successfully"}
User connected
id:  6BPL3tre-F-53aApAAAR
{"timestamp":"2024-06-13T13:22:26.697Z","level":"info","message":"User updated successfully"}
User disconnected 6BPL3tre-F-53aApAAAR
{"timestamp":"2024-06-13T13:22:48.140Z","level":"info","message":"User details fetched successfully"}
User connected
id:  fYp-5a-pLFZ_OVQdAAAT
{"timestamp":"2024-06-13T13:22:49.677Z","level":"info","message":"User updated successfully"}
User disconnected fYp-5a-pLFZ_OVQdAAAT
{"timestamp":"2024-06-13T13:23:24.118Z","level":"info","message":"User updated successfully"}
{"timestamp":"2024-06-13T13:23:29.880Z","level":"info","message":"User details fetched successfully"}
User connected
id:  cujALq712KxVVBpkAAAV
{"timestamp":"2024-06-13T13:23:30.073Z","level":"info","message":"User updated successfully"}
User disconnected cujALq712KxVVBpkAAAV
User connected
id:  OdGdaAplfZdKeXlrAAAX
{"timestamp":"2024-06-13T13:23:35.722Z","level":"info","message":"User updated successfully"}
{"timestamp":"2024-06-13T13:23:56.499Z","level":"fatal","message":"Invalid Credentials"}
{"timestamp":"2024-06-13T13:24:21.511Z","level":"info","message":"User details fetched successfully"}
User connected
id:  8_f9EYDMMmVohREzAAAZ
{"timestamp":"2024-06-13T13:24:22.982Z","level":"info","message":"User updated successfully"}
User disconnected 8_f9EYDMMmVohREzAAAZ
User connected
id:  oudU-ImyGDdWZhXcAAAb
{"timestamp":"2024-06-13T13:24:38.149Z","level":"info","message":"User updated successfully"}
App running at 3001
User connected
id:  jlMYiQUGI6i0Q9bTAAAB
{"timestamp":"2024-06-13T13:26:40.598Z","level":"info","message":"User updated successfully"}
{"timestamp":"2024-06-13T13:26:40.617Z","level":"info","message":"User updated successfully"}
{"timestamp":"2024-06-13T13:26:40.618Z","level":"info","message":"User updated successfully"}
User connected
id:  pmgsrAlEaY6R109LAAAD
{"timestamp":"2024-06-13T13:26:41.966Z","level":"info","message":"User updated successfully"}
{"timestamp":"2024-06-13T13:26:41.972Z","level":"info","message":"User updated successfully"}
{"timestamp":"2024-06-13T13:26:41.973Z","level":"info","message":"User updated successfully"}
{"timestamp":"2024-06-13T13:26:41.983Z","level":"info","message":"User updated successfully"}
App running at 3001
User connected
id:  9G69Ip0_Hb7eNqPfAAAB
{"timestamp":"2024-06-13T13:50:47.086Z","level":"info","message":"User updated successfully"}
{"timestamp":"2024-06-13T13:50:47.112Z","level":"info","message":"User updated successfully"}
{"timestamp":"2024-06-13T13:50:47.114Z","level":"info","message":"User updated successfully"}
{"timestamp":"2024-06-13T13:50:47.115Z","level":"info","message":"User updated successfully"}
{"timestamp":"2024-06-13T13:50:47.117Z","level":"info","message":"User updated successfully"}
{"timestamp":"2024-06-13T13:50:47.119Z","level":"info","message":"User updated successfully"}
User connected
id:  PLCbjSpY747WXtG8AAAD
{"timestamp":"2024-06-13T13:50:47.577Z","level":"info","message":"User updated successfully"}
{"timestamp":"2024-06-13T13:50:47.578Z","level":"info","message":"User updated successfully"}
{"timestamp":"2024-06-13T13:50:47.584Z","level":"info","message":"User updated successfully"}
{"timestamp":"2024-06-13T13:50:47.586Z","level":"info","message":"User updated successfully"}
{"timestamp":"2024-06-13T13:50:47.588Z","level":"info","message":"User updated successfully"}
{"timestamp":"2024-06-13T13:50:47.590Z","level":"info","message":"User updated successfully"}
{"timestamp":"2024-06-13T13:50:47.692Z","level":"info","message":"User updated successfully"}
{"timestamp":"2024-06-13T13:50:47.714Z","level":"info","message":"User updated successfully"}
{"timestamp":"2024-06-13T13:50:47.716Z","level":"info","message":"User updated successfully"}
{"timestamp":"2024-06-13T13:50:47.717Z","level":"info","message":"User updated successfully"}
App running at 3001
User connected
id:  5P7xM9Q-fJModZ0BAAAB
User connected
id:  F4tqFvXSfZIvyvbjAAAD
{"timestamp":"2024-06-13T13:52:58.747Z","level":"info","message":"User updated successfully"}
{"timestamp":"2024-06-13T13:52:58.762Z","level":"info","message":"User updated successfully"}
{"timestamp":"2024-06-13T13:52:58.767Z","level":"info","message":"User updated successfully"}
{"timestamp":"2024-06-13T13:52:58.779Z","level":"info","message":"User updated successfully"}
{"timestamp":"2024-06-13T13:52:58.783Z","level":"info","message":"User updated successfully"}
{"timestamp":"2024-06-13T13:52:58.859Z","level":"info","message":"User updated successfully"}
{"timestamp":"2024-06-13T13:52:59.646Z","level":"info","message":"User updated successfully"}
{"timestamp":"2024-06-13T13:52:59.736Z","level":"info","message":"User updated successfully"}
{"timestamp":"2024-06-13T13:52:59.740Z","level":"info","message":"User updated successfully"}
{"timestamp":"2024-06-13T13:52:59.809Z","level":"info","message":"User updated successfully"}
{"timestamp":"2024-06-13T13:52:59.825Z","level":"info","message":"User updated successfully"}
{"timestamp":"2024-06-13T13:52:59.958Z","level":"info","message":"User updated successfully"}
{"timestamp":"2024-06-13T13:52:59.962Z","level":"info","message":"User updated successfully"}
{"timestamp":"2024-06-13T13:52:59.967Z","level":"info","message":"User updated successfully"}
{"timestamp":"2024-06-13T13:52:59.971Z","level":"info","message":"User updated successfully"}
{"timestamp":"2024-06-13T13:52:59.975Z","level":"info","message":"User updated successfully"}
{"timestamp":"2024-06-13T13:52:59.983Z","level":"info","message":"User updated successfully"}
{"timestamp":"2024-06-13T13:52:59.987Z","level":"info","message":"User updated successfully"}
{"timestamp":"2024-06-13T13:53:00.138Z","level":"info","message":"User updated successfully"}
{"timestamp":"2024-06-13T13:53:01.198Z","level":"info","message":"User updated successfully"}
{"timestamp":"2024-06-13T13:53:01.203Z","level":"info","message":"User updated successfully"}
{"timestamp":"2024-06-13T13:53:01.209Z","level":"info","message":"User updated successfully"}
{"timestamp":"2024-06-13T13:53:01.213Z","level":"info","message":"User updated successfully"}
{"timestamp":"2024-06-13T13:53:01.216Z","level":"info","message":"User updated successfully"}
{"timestamp":"2024-06-13T13:53:02.546Z","level":"info","message":"User updated successfully"}
{"timestamp":"2024-06-13T13:53:02.548Z","level":"info","message":"User updated successfully"}
{"timestamp":"2024-06-13T13:53:03.219Z","level":"info","message":"User updated successfully"}
{"timestamp":"2024-06-13T13:53:03.223Z","level":"info","message":"User updated successfully"}
{"timestamp":"2024-06-13T13:53:03.226Z","level":"info","message":"User updated successfully"}
User connected
id:  wmp62n43rdMIag40AAAF
User connected
id:  ceZ7FEJ51BG_vpX-AAAH
{"timestamp":"2024-06-13T13:58:02.160Z","level":"info","message":"User updated successfully"}
{"timestamp":"2024-06-13T13:58:02.364Z","level":"info","message":"User updated successfully"}
User disconnected ceZ7FEJ51BG_vpX-AAAH
User disconnected 5P7xM9Q-fJModZ0BAAAB
User connected
id:  D3LJFpFinhJACkpmAAAJ
{"timestamp":"2024-06-13T14:05:40.979Z","level":"info","message":"User updated successfully"}
User disconnected D3LJFpFinhJACkpmAAAJ
User connected
id:  RSb9DLuyYhS-l24LAAAL
{"timestamp":"2024-06-13T14:06:28.914Z","level":"info","message":"User updated successfully"}
User disconnected RSb9DLuyYhS-l24LAAAL
User connected
id:  s3SJdisxbqPKNbpYAAAN
{"timestamp":"2024-06-13T14:07:15.976Z","level":"info","message":"User updated successfully"}
{"timestamp":"2024-06-13T14:08:16.916Z","level":"info","message":"User details fetched successfully"}
App running at 3001
User connected
id:  H9jT53q7RC0Hkj8CAAAC
User connected
id:  n5yZPq0fVFcK3GcJAAAD
User connected
id:  GYP4ExgURH4GL9OlAAAF
{"timestamp":"2024-06-13T14:09:34.979Z","level":"info","message":"User updated successfully"}
{"timestamp":"2024-06-13T14:09:35.110Z","level":"info","message":"User updated successfully"}
{"timestamp":"2024-06-13T14:09:35.120Z","level":"info","message":"User updated successfully"}
{"timestamp":"2024-06-13T14:09:35.130Z","level":"info","message":"User updated successfully"}
{"timestamp":"2024-06-13T14:09:35.151Z","level":"info","message":"User updated successfully"}
{"timestamp":"2024-06-13T14:09:35.226Z","level":"info","message":"User updated successfully"}
{"timestamp":"2024-06-13T14:09:35.290Z","level":"info","message":"User updated successfully"}
{"timestamp":"2024-06-13T14:09:35.334Z","level":"info","message":"User updated successfully"}
{"timestamp":"2024-06-13T14:09:35.337Z","level":"info","message":"User updated successfully"}
{"timestamp":"2024-06-13T14:09:35.340Z","level":"info","message":"User updated successfully"}
{"timestamp":"2024-06-13T14:09:35.479Z","level":"info","message":"User updated successfully"}
{"timestamp":"2024-06-13T14:09:35.481Z","level":"info","message":"User updated successfully"}
{"timestamp":"2024-06-13T14:09:35.496Z","level":"info","message":"User updated successfully"}
{"timestamp":"2024-06-13T14:09:35.569Z","level":"info","message":"User updated successfully"}
{"timestamp":"2024-06-13T14:09:35.577Z","level":"info","message":"User updated successfully"}
{"timestamp":"2024-06-13T14:09:35.671Z","level":"info","message":"User updated successfully"}
{"timestamp":"2024-06-13T14:09:35.744Z","level":"info","message":"User updated successfully"}
{"timestamp":"2024-06-13T14:09:35.745Z","level":"info","message":"User updated successfully"}
{"timestamp":"2024-06-13T14:09:35.746Z","level":"info","message":"User updated successfully"}
{"timestamp":"2024-06-13T14:09:35.839Z","level":"info","message":"User updated successfully"}
{"timestamp":"2024-06-13T14:09:35.840Z","level":"info","message":"User updated successfully"}
{"timestamp":"2024-06-13T14:09:35.844Z","level":"info","message":"User updated successfully"}
{"timestamp":"2024-06-13T14:09:35.850Z","level":"info","message":"User updated successfully"}
{"timestamp":"2024-06-13T14:09:35.899Z","level":"info","message":"User updated successfully"}
{"timestamp":"2024-06-13T14:09:35.930Z","level":"info","message":"User updated successfully"}
{"timestamp":"2024-06-13T14:09:36.024Z","level":"info","message":"User updated successfully"}
{"timestamp":"2024-06-13T14:09:36.027Z","level":"info","message":"User updated successfully"}
{"timestamp":"2024-06-13T14:09:36.031Z","level":"info","message":"User updated successfully"}
{"timestamp":"2024-06-13T14:09:36.033Z","level":"info","message":"User updated successfully"}
{"timestamp":"2024-06-13T14:09:36.037Z","level":"info","message":"User updated successfully"}
{"timestamp":"2024-06-13T14:09:36.067Z","level":"info","message":"User updated successfully"}
{"timestamp":"2024-06-13T14:09:36.075Z","level":"info","message":"User updated successfully"}
User connected
id:  1hZG3xU3bSeRY3qpAAAH
User connected
id:  ENlULibJ1HTfzbCKAAAJ
{"timestamp":"2024-06-13T14:13:25.425Z","level":"info","message":"User updated successfully"}
{"timestamp":"2024-06-13T14:13:25.674Z","level":"info","message":"User updated successfully"}
User disconnected 1hZG3xU3bSeRY3qpAAAH
User disconnected H9jT53q7RC0Hkj8CAAAC
User disconnected n5yZPq0fVFcK3GcJAAAD
User connected
id:  f0pW3Wb1fhZkoBQ8AAAL
{"timestamp":"2024-06-13T14:13:48.044Z","level":"info","message":"User updated successfully"}
App running at 3001
User connected
id:  uVNY3USFo0HKVbOqAAAB
User connected
id:  GC0kWg30dn6AjuyVAAAD
User connected
id:  LsOTW1uEcenR2s8dAAAF
{"timestamp":"2024-06-13T14:15:47.270Z","level":"info","message":"User updated successfully"}
{"timestamp":"2024-06-13T14:15:47.277Z","level":"info","message":"User updated successfully"}
{"timestamp":"2024-06-13T14:15:47.283Z","level":"info","message":"User updated successfully"}
{"timestamp":"2024-06-13T14:15:47.631Z","level":"info","message":"User updated successfully"}
{"timestamp":"2024-06-13T14:15:47.634Z","level":"info","message":"User updated successfully"}
{"timestamp":"2024-06-13T14:15:47.636Z","level":"info","message":"User updated successfully"}
{"timestamp":"2024-06-13T14:15:47.638Z","level":"info","message":"User updated successfully"}
{"timestamp":"2024-06-13T14:15:47.641Z","level":"info","message":"User updated successfully"}
{"timestamp":"2024-06-13T14:15:47.646Z","level":"info","message":"User updated successfully"}
{"timestamp":"2024-06-13T14:15:47.909Z","level":"info","message":"User updated successfully"}
{"timestamp":"2024-06-13T14:15:47.918Z","level":"info","message":"User updated successfully"}
{"timestamp":"2024-06-13T14:15:47.926Z","level":"info","message":"User updated successfully"}
{"timestamp":"2024-06-13T14:15:47.930Z","level":"info","message":"User updated successfully"}
{"timestamp":"2024-06-13T14:15:47.936Z","level":"info","message":"User updated successfully"}
{"timestamp":"2024-06-13T14:15:47.938Z","level":"info","message":"User updated successfully"}
{"timestamp":"2024-06-13T14:15:48.038Z","level":"info","message":"User updated successfully"}
{"timestamp":"2024-06-13T14:15:48.042Z","level":"info","message":"User updated successfully"}
App running at 3001
User connected
id:  NsPUw6azQi-U6Z_BAAAB
User connected
id:  V6dhHO5FD1GuhAiSAAAD
{"timestamp":"2024-06-13T14:16:15.060Z","level":"info","message":"User updated successfully"}
{"timestamp":"2024-06-13T14:16:15.063Z","level":"info","message":"User updated successfully"}
{"timestamp":"2024-06-13T14:16:15.065Z","level":"info","message":"User updated successfully"}
{"timestamp":"2024-06-13T14:16:15.068Z","level":"info","message":"User updated successfully"}
{"timestamp":"2024-06-13T14:16:15.073Z","level":"info","message":"User updated successfully"}
{"timestamp":"2024-06-13T14:16:15.076Z","level":"info","message":"User updated successfully"}
User connected
id:  cIE6bLA20J5_KamYAAAF
{"timestamp":"2024-06-13T14:16:15.220Z","level":"info","message":"User updated successfully"}
{"timestamp":"2024-06-13T14:16:15.268Z","level":"info","message":"User updated successfully"}
{"timestamp":"2024-06-13T14:16:15.287Z","level":"info","message":"User updated successfully"}
{"timestamp":"2024-06-13T14:16:15.290Z","level":"info","message":"User updated successfully"}
{"timestamp":"2024-06-13T14:16:15.292Z","level":"info","message":"User updated successfully"}
{"timestamp":"2024-06-13T14:16:15.375Z","level":"info","message":"User updated successfully"}
{"timestamp":"2024-06-13T14:16:15.446Z","level":"info","message":"User updated successfully"}
{"timestamp":"2024-06-13T14:16:15.459Z","level":"info","message":"User updated successfully"}
{"timestamp":"2024-06-13T14:16:15.529Z","level":"info","message":"User updated successfully"}
{"timestamp":"2024-06-13T14:16:15.531Z","level":"info","message":"User updated successfully"}
{"timestamp":"2024-06-13T14:16:15.566Z","level":"info","message":"User updated successfully"}
{"timestamp":"2024-06-13T14:16:15.568Z","level":"info","message":"User updated successfully"}
{"timestamp":"2024-06-13T14:16:15.667Z","level":"info","message":"User updated successfully"}
{"timestamp":"2024-06-13T14:16:15.670Z","level":"info","message":"User updated successfully"}
{"timestamp":"2024-06-13T14:16:15.678Z","level":"info","message":"User updated successfully"}
{"timestamp":"2024-06-13T14:16:15.731Z","level":"info","message":"User updated successfully"}
{"timestamp":"2024-06-13T14:16:15.737Z","level":"info","message":"User updated successfully"}
{"timestamp":"2024-06-13T14:16:15.740Z","level":"info","message":"User updated successfully"}
{"timestamp":"2024-06-13T14:16:15.751Z","level":"info","message":"User updated successfully"}
User connected
id:  AIPgBpjKqN1kedGWAAAI
{"timestamp":"2024-06-13T14:17:35.781Z","level":"info","message":"User updated successfully"}
User disconnected V6dhHO5FD1GuhAiSAAAD
User connected
id:  AZvqVMO9Rh5hd0mpAAAJ
{"timestamp":"2024-06-13T14:17:54.944Z","level":"info","message":"User updated successfully"}
User connected
id:  jgkMS1TqfAhrfDj5AAAL
{"timestamp":"2024-06-13T14:17:58.280Z","level":"info","message":"User updated successfully"}
{"timestamp":"2024-06-13T14:17:58.289Z","level":"info","message":"User updated successfully"}
{"timestamp":"2024-06-13T14:17:58.290Z","level":"info","message":"User updated successfully"}
{"timestamp":"2024-06-13T14:17:58.292Z","level":"info","message":"User updated successfully"}
{"timestamp":"2024-06-13T14:17:58.295Z","level":"info","message":"User updated successfully"}
{"timestamp":"2024-06-13T14:17:58.676Z","level":"info","message":"User updated successfully"}
{"timestamp":"2024-06-13T14:17:58.786Z","level":"info","message":"User updated successfully"}
{"timestamp":"2024-06-13T14:17:58.789Z","level":"info","message":"User updated successfully"}
{"timestamp":"2024-06-13T14:17:58.792Z","level":"info","message":"User updated successfully"}
{"timestamp":"2024-06-13T14:17:58.795Z","level":"info","message":"User updated successfully"}
{"timestamp":"2024-06-13T14:17:59.038Z","level":"info","message":"User updated successfully"}
{"timestamp":"2024-06-13T14:17:59.067Z","level":"info","message":"User updated successfully"}
{"timestamp":"2024-06-13T14:17:59.069Z","level":"info","message":"User updated successfully"}
{"timestamp":"2024-06-13T14:17:59.070Z","level":"info","message":"User updated successfully"}
{"timestamp":"2024-06-13T14:17:59.072Z","level":"info","message":"User updated successfully"}
User connected
id:  TSBisXyjGY4dP-F1AAAO
{"timestamp":"2024-06-13T14:19:13.419Z","level":"info","message":"User updated successfully"}
User disconnected cIE6bLA20J5_KamYAAAF
User disconnected NsPUw6azQi-U6Z_BAAAB
User connected
id:  APZT4adeex6d5HeKAAAP
{"timestamp":"2024-06-13T14:19:33.999Z","level":"info","message":"User updated successfully"}
User connected
id:  H8q6DthrXomlVC9CAAAS
User connected
id:  h-mm5Z_0bydX_IqmAAAT
{"timestamp":"2024-06-13T14:19:35.799Z","level":"info","message":"User updated successfully"}
{"timestamp":"2024-06-13T14:19:35.801Z","level":"info","message":"User updated successfully"}
{"timestamp":"2024-06-13T14:19:35.804Z","level":"info","message":"User updated successfully"}
{"timestamp":"2024-06-13T14:19:35.805Z","level":"info","message":"User updated successfully"}
{"timestamp":"2024-06-13T14:19:35.806Z","level":"info","message":"User updated successfully"}
{"timestamp":"2024-06-13T14:19:35.807Z","level":"info","message":"User updated successfully"}
{"timestamp":"2024-06-13T14:19:35.958Z","level":"info","message":"User updated successfully"}
{"timestamp":"2024-06-13T14:19:35.959Z","level":"info","message":"User updated successfully"}
{"timestamp":"2024-06-13T14:19:35.962Z","level":"info","message":"User updated successfully"}
{"timestamp":"2024-06-13T14:19:35.964Z","level":"info","message":"User updated successfully"}
{"timestamp":"2024-06-13T14:19:35.967Z","level":"info","message":"User updated successfully"}
{"timestamp":"2024-06-13T14:19:35.968Z","level":"info","message":"User updated successfully"}
{"timestamp":"2024-06-13T14:19:36.063Z","level":"info","message":"User updated successfully"}
{"timestamp":"2024-06-13T14:19:36.065Z","level":"info","message":"User updated successfully"}
{"timestamp":"2024-06-13T14:19:36.066Z","level":"info","message":"User updated successfully"}
{"timestamp":"2024-06-13T14:19:37.780Z","level":"info","message":"User updated successfully"}
{"timestamp":"2024-06-13T14:19:37.782Z","level":"info","message":"User updated successfully"}
{"timestamp":"2024-06-13T14:19:37.786Z","level":"info","message":"User updated successfully"}
{"timestamp":"2024-06-13T14:19:37.818Z","level":"info","message":"User updated successfully"}
{"timestamp":"2024-06-13T14:19:37.819Z","level":"info","message":"User updated successfully"}
{"timestamp":"2024-06-13T14:19:37.874Z","level":"info","message":"User updated successfully"}
{"timestamp":"2024-06-13T14:19:37.877Z","level":"info","message":"User updated successfully"}
{"timestamp":"2024-06-13T14:19:37.879Z","level":"info","message":"User updated successfully"}
User disconnected TSBisXyjGY4dP-F1AAAO
User disconnected jgkMS1TqfAhrfDj5AAAL
User disconnected AZvqVMO9Rh5hd0mpAAAJ
User disconnected H8q6DthrXomlVC9CAAAS
User disconnected APZT4adeex6d5HeKAAAP
User disconnected AIPgBpjKqN1kedGWAAAI
User disconnected h-mm5Z_0bydX_IqmAAAT
User connected
id:  WGmMId4IyV_ncLLwAAAV
User connected
id:  81-iRj4afWkv4tuGAAAc
User connected
id:  iw_mIyOUZ49RJNuCAAAd
User connected
id:  waCRWcU10CImMGC6AAAe
User connected
id:  siCswYaisXNCTaL7AAAf
{"timestamp":"2024-06-13T14:28:42.282Z","level":"info","message":"User updated successfully"}
{"timestamp":"2024-06-13T14:28:42.289Z","level":"info","message":"User updated successfully"}
{"timestamp":"2024-06-13T14:28:42.293Z","level":"info","message":"User updated successfully"}
{"timestamp":"2024-06-13T14:28:42.295Z","level":"info","message":"User updated successfully"}
{"timestamp":"2024-06-13T14:28:42.298Z","level":"info","message":"User updated successfully"}
{"timestamp":"2024-06-13T14:28:42.304Z","level":"info","message":"User updated successfully"}
{"timestamp":"2024-06-13T14:28:42.574Z","level":"info","message":"User updated successfully"}
{"timestamp":"2024-06-13T14:28:42.576Z","level":"info","message":"User updated successfully"}
{"timestamp":"2024-06-13T14:28:42.577Z","level":"info","message":"User updated successfully"}
{"timestamp":"2024-06-13T14:28:42.578Z","level":"info","message":"User updated successfully"}
{"timestamp":"2024-06-13T14:28:42.591Z","level":"info","message":"User updated successfully"}
{"timestamp":"2024-06-13T14:28:42.843Z","level":"info","message":"User updated successfully"}
{"timestamp":"2024-06-13T14:28:42.845Z","level":"info","message":"User updated successfully"}
{"timestamp":"2024-06-13T14:28:42.849Z","level":"info","message":"User updated successfully"}
{"timestamp":"2024-06-13T14:28:42.851Z","level":"info","message":"User updated successfully"}
{"timestamp":"2024-06-13T14:28:42.856Z","level":"info","message":"User updated successfully"}
{"timestamp":"2024-06-13T14:28:42.859Z","level":"info","message":"User updated successfully"}
{"timestamp":"2024-06-13T14:28:42.884Z","level":"info","message":"User updated successfully"}
{"timestamp":"2024-06-13T14:28:42.886Z","level":"info","message":"User updated successfully"}
{"timestamp":"2024-06-13T14:28:42.990Z","level":"info","message":"User updated successfully"}
{"timestamp":"2024-06-13T14:28:43.082Z","level":"info","message":"User updated successfully"}
{"timestamp":"2024-06-13T14:28:43.084Z","level":"info","message":"User updated successfully"}
{"timestamp":"2024-06-13T14:28:43.367Z","level":"info","message":"User updated successfully"}
{"timestamp":"2024-06-13T14:28:43.369Z","level":"info","message":"User updated successfully"}
{"timestamp":"2024-06-13T14:28:43.371Z","level":"info","message":"User updated successfully"}
{"timestamp":"2024-06-13T14:28:43.373Z","level":"info","message":"User updated successfully"}
{"timestamp":"2024-06-13T14:28:43.376Z","level":"info","message":"User updated successfully"}
{"timestamp":"2024-06-13T14:28:43.744Z","level":"info","message":"User updated successfully"}
{"timestamp":"2024-06-13T14:28:43.819Z","level":"info","message":"User updated successfully"}
{"timestamp":"2024-06-13T14:28:43.820Z","level":"info","message":"User updated successfully"}
{"timestamp":"2024-06-13T14:28:43.993Z","level":"info","message":"User updated successfully"}
{"timestamp":"2024-06-13T14:28:43.994Z","level":"info","message":"User updated successfully"}
{"timestamp":"2024-06-13T14:28:43.996Z","level":"info","message":"User updated successfully"}
User disconnected WGmMId4IyV_ncLLwAAAV
User disconnected 81-iRj4afWkv4tuGAAAc
User disconnected iw_mIyOUZ49RJNuCAAAd
User disconnected waCRWcU10CImMGC6AAAe
User disconnected siCswYaisXNCTaL7AAAf
{"timestamp":"2024-06-13T14:31:56.441Z","level":"info","message":"User updated successfully"}
{"timestamp":"2024-06-13T14:31:56.442Z","level":"info","message":"User updated successfully"}
{"timestamp":"2024-06-13T14:31:56.444Z","level":"info","message":"User updated successfully"}
{"timestamp":"2024-06-13T14:31:56.446Z","level":"info","message":"User updated successfully"}
{"timestamp":"2024-06-13T14:31:56.448Z","level":"info","message":"User updated successfully"}
{"timestamp":"2024-06-13T14:31:56.450Z","level":"info","message":"User updated successfully"}
{"timestamp":"2024-06-13T14:31:56.775Z","level":"info","message":"User updated successfully"}
{"timestamp":"2024-06-13T14:31:56.783Z","level":"info","message":"User updated successfully"}
{"timestamp":"2024-06-13T14:31:56.821Z","level":"info","message":"User updated successfully"}
{"timestamp":"2024-06-13T14:31:56.824Z","level":"info","message":"User updated successfully"}
{"timestamp":"2024-06-13T14:31:56.825Z","level":"info","message":"User updated successfully"}
{"timestamp":"2024-06-13T14:31:56.830Z","level":"info","message":"User updated successfully"}
{"timestamp":"2024-06-13T14:31:56.979Z","level":"info","message":"User updated successfully"}
{"timestamp":"2024-06-13T14:31:56.990Z","level":"info","message":"User updated successfully"}
{"timestamp":"2024-06-13T14:31:56.996Z","level":"info","message":"User updated successfully"}
{"timestamp":"2024-06-13T14:31:56.998Z","level":"info","message":"User updated successfully"}
User connected
id:  HC7avlTdxuvrVEfLAAAk
User connected
id:  WMtNyPKpWtttv-OeAAAl
User connected
id:  pLmkhqak7wHxUXNAAAAm
User connected
id:  u09F16cy6NTLqO2tAAAn
{"timestamp":"2024-06-13T14:32:03.316Z","level":"info","message":"User updated successfully"}
{"timestamp":"2024-06-13T14:32:03.318Z","level":"info","message":"User updated successfully"}
{"timestamp":"2024-06-13T14:32:03.324Z","level":"info","message":"User updated successfully"}
{"timestamp":"2024-06-13T14:32:03.328Z","level":"info","message":"User updated successfully"}
{"timestamp":"2024-06-13T14:32:03.398Z","level":"info","message":"User updated successfully"}
{"timestamp":"2024-06-13T14:32:03.602Z","level":"info","message":"User updated successfully"}
{"timestamp":"2024-06-13T14:32:03.605Z","level":"info","message":"User updated successfully"}
{"timestamp":"2024-06-13T14:32:03.617Z","level":"info","message":"User updated successfully"}
{"timestamp":"2024-06-13T14:32:03.619Z","level":"info","message":"User updated successfully"}
{"timestamp":"2024-06-13T14:32:03.621Z","level":"info","message":"User updated successfully"}
{"timestamp":"2024-06-13T14:32:03.677Z","level":"info","message":"User updated successfully"}
{"timestamp":"2024-06-13T14:32:03.969Z","level":"info","message":"User updated successfully"}
{"timestamp":"2024-06-13T14:32:03.981Z","level":"info","message":"User updated successfully"}
{"timestamp":"2024-06-13T14:32:03.985Z","level":"info","message":"User updated successfully"}
{"timestamp":"2024-06-13T14:32:03.987Z","level":"info","message":"User updated successfully"}
{"timestamp":"2024-06-13T14:32:03.988Z","level":"info","message":"User updated successfully"}
{"timestamp":"2024-06-13T14:32:04.041Z","level":"info","message":"User updated successfully"}
{"timestamp":"2024-06-13T14:32:04.369Z","level":"info","message":"User updated successfully"}
{"timestamp":"2024-06-13T14:32:04.370Z","level":"info","message":"User updated successfully"}
{"timestamp":"2024-06-13T14:32:04.377Z","level":"info","message":"User updated successfully"}
{"timestamp":"2024-06-13T14:32:04.379Z","level":"info","message":"User updated successfully"}
{"timestamp":"2024-06-13T14:32:04.380Z","level":"info","message":"User updated successfully"}
{"timestamp":"2024-06-13T14:32:04.472Z","level":"info","message":"User updated successfully"}
{"timestamp":"2024-06-13T14:32:04.625Z","level":"info","message":"User updated successfully"}
{"timestamp":"2024-06-13T14:32:04.627Z","level":"info","message":"User updated successfully"}
{"timestamp":"2024-06-13T14:32:04.638Z","level":"info","message":"User updated successfully"}
{"timestamp":"2024-06-13T14:32:04.642Z","level":"info","message":"User updated successfully"}
{"timestamp":"2024-06-13T14:32:04.645Z","level":"info","message":"User updated successfully"}
{"timestamp":"2024-06-13T14:32:04.651Z","level":"info","message":"User updated successfully"}
{"timestamp":"2024-06-13T14:32:04.828Z","level":"info","message":"User updated successfully"}
{"timestamp":"2024-06-13T14:32:04.829Z","level":"info","message":"User updated successfully"}
{"timestamp":"2024-06-13T14:32:04.832Z","level":"info","message":"User updated successfully"}
{"timestamp":"2024-06-13T14:32:04.834Z","level":"info","message":"User updated successfully"}
{"timestamp":"2024-06-13T14:32:04.839Z","level":"info","message":"User updated successfully"}
{"timestamp":"2024-06-13T14:32:04.936Z","level":"info","message":"User updated successfully"}
{"timestamp":"2024-06-13T14:32:04.938Z","level":"info","message":"User updated successfully"}
{"timestamp":"2024-06-13T14:32:04.939Z","level":"info","message":"User updated successfully"}
User disconnected u09F16cy6NTLqO2tAAAn
User disconnected pLmkhqak7wHxUXNAAAAm
User disconnected WMtNyPKpWtttv-OeAAAl
User disconnected HC7avlTdxuvrVEfLAAAk
{"timestamp":"2024-06-13T14:43:25.497Z","level":"info","message":"User details fetched successfully"}
User connected
id:  bVRTpk4wTkQ6kH5kAAAp
{"timestamp":"2024-06-13T14:43:28.673Z","level":"info","message":"User updated successfully"}
User disconnected bVRTpk4wTkQ6kH5kAAAp
User connected
id:  VWFTEU8jBKFe4qlSAAAr
{"timestamp":"2024-06-13T14:43:41.119Z","level":"info","message":"User updated successfully"}
{"timestamp":"2024-06-13T14:44:20.818Z","level":"info","message":"User details fetched successfully"}
User connected
id:  ebPAiVGgtHa_lYBWAAAt
{"timestamp":"2024-06-13T14:44:25.150Z","level":"info","message":"User updated successfully"}
App running at 3001
User connected
id:  LBeLF-HS1zxQT_ZqAAAC
User connected
id:  c1mk7-lDiffULcWuAAAD
{"timestamp":"2024-06-13T14:46:24.750Z","level":"info","message":"User updated successfully"}
{"timestamp":"2024-06-13T14:46:24.899Z","level":"info","message":"User updated successfully"}
{
  from: [90mundefined[39m,
  to: [90mundefined[39m,
  message: [90mundefined[39m,
  time: [32m'2024-06-13T14:46:49.300Z'[39m
}
{
  from: [90mundefined[39m,
  to: [90mundefined[39m,
  message: [90mundefined[39m,
  time: [32m'2024-06-13T14:47:07.111Z'[39m
}
{
  from: [90mundefined[39m,
  to: [90mundefined[39m,
  message: [90mundefined[39m,
  time: [32m'2024-06-13T14:48:05.949Z'[39m
}
{
  from: [90mundefined[39m,
  to: [90mundefined[39m,
  message: [90mundefined[39m,
  time: [32m'2024-06-13T14:48:10.599Z'[39m
}
App running at 3001
User connected
id:  B8gONRCDQfliNouTAAAC
User connected
id:  LoFm1QtpdfyvKS5IAAAD
{"timestamp":"2024-06-13T14:48:35.333Z","level":"info","message":"User updated successfully"}
{"timestamp":"2024-06-13T14:48:35.345Z","level":"info","message":"User updated successfully"}
App running at 3001
User connected
id:  VayMePea1HufxZPvAAAB
{"timestamp":"2024-06-13T14:49:00.896Z","level":"info","message":"User updated successfully"}
User connected
id:  4AdHa0RWbVFSbY0SAAAD
{"timestamp":"2024-06-13T14:49:05.665Z","level":"info","message":"User updated successfully"}
App running at 3001
User connected
id:  Wk2bbAh4yH1VosM_AAAC
User connected
id:  XGq87oVR_Q1tyzrDAAAD
{"timestamp":"2024-06-13T14:49:39.271Z","level":"info","message":"User updated successfully"}
{"timestamp":"2024-06-13T14:49:39.376Z","level":"info","message":"User updated successfully"}
{
  from: [90mundefined[39m,
  to: [90mundefined[39m,
  message: [90mundefined[39m,
  time: [32m'2024-06-13T14:49:55.904Z'[39m
}
